{"/Users/rebeccabrietzke/Learning/Springboard/37-Cumulative-Project-2-Jobly/express-jobly/helpers/sql.js": {"path":"/Users/rebeccabrietzke/Learning/Springboard/37-Cumulative-Project-2-Jobly/express-jobly/helpers/sql.js","statementMap":{"0":{"start":{"line":1,"column":28},"end":{"line":1,"column":54}},"1":{"start":{"line":9,"column":15},"end":{"line":9,"column":40}},"2":{"start":{"line":10,"column":2},"end":{"line":10,"column":62}},"3":{"start":{"line":10,"column":25},"end":{"line":10,"column":62}},"4":{"start":{"line":14,"column":15},"end":{"line":16,"column":3}},"5":{"start":{"line":15,"column":22},"end":{"line":15,"column":68}},"6":{"start":{"line":18,"column":2},"end":{"line":21,"column":4}},"7":{"start":{"line":24,"column":0},"end":{"line":24,"column":41}}},"fnMap":{"0":{"name":"sqlForPartialUpdate","decl":{"start":{"line":5,"column":9},"end":{"line":5,"column":28}},"loc":{"start":{"line":5,"column":52},"end":{"line":22,"column":1}},"line":5},"1":{"name":"(anonymous_1)","decl":{"start":{"line":15,"column":4},"end":{"line":15,"column":5}},"loc":{"start":{"line":15,"column":22},"end":{"line":15,"column":68}},"line":15}},"branchMap":{"0":{"loc":{"start":{"line":10,"column":2},"end":{"line":10,"column":62}},"type":"if","locations":[{"start":{"line":10,"column":2},"end":{"line":10,"column":62}},{"start":{},"end":{}}],"line":10},"1":{"loc":{"start":{"line":15,"column":26},"end":{"line":15,"column":53}},"type":"binary-expr","locations":[{"start":{"line":15,"column":26},"end":{"line":15,"column":42}},{"start":{"line":15,"column":46},"end":{"line":15,"column":53}}],"line":15}},"s":{"0":1,"1":1,"2":1,"3":0,"4":1,"5":3,"6":1,"7":1},"f":{"0":1,"1":3},"b":{"0":[0,1],"1":[3,1]},"_coverageSchema":"1a1c01bbd47fc00a2c39e90264f33305004495a9","hash":"7540cf7a5ed67010383d870f3b9455129fd0dd1c"}
}
